11:08:12 INFO  : Registering command handlers for SDK TCF services
11:08:12 INFO  : Launching XSCT server: xsct.bat -interactive C:\Users\behaje\bluetooth_ble2\bluetooth_ble2.sdk\temp_xsdb_launch_script.tcl
11:08:15 INFO  : XSCT server has started successfully.
11:08:16 INFO  : Successfully done setting XSCT server connection channel  
11:08:16 INFO  : Successfully done setting SDK workspace  
11:08:16 INFO  : Processing command line option -hwspec C:/Users/behaje/bluetooth_ble2/bluetooth_ble2.sdk/design_1_wrapper.hdf.
11:13:02 INFO  : Connected to target on host '127.0.0.1' and port '3121'.
11:13:02 INFO  : 'targets -set -filter {jtag_cable_name =~ "Digilent Zybo Z7 210351B4835FA" && level==0} -index 1' command is executed.
11:13:05 INFO  : FPGA configured successfully with bitstream "C:/Users/behaje/bluetooth_ble2/bluetooth_ble2.sdk/design_1_wrapper_hw_platform_0/design_1_wrapper.bit"
11:13:22 INFO  : 'targets -set -filter {jtag_cable_name =~ "Digilent Zybo Z7 210351B4835FA" && level==0} -index 1' command is executed.
11:13:22 INFO  : 'fpga -state' command is executed.
11:13:22 INFO  : Connected to target on host '127.0.0.1' and port '3121'.
11:13:23 INFO  : Jtag cable 'Digilent Zybo Z7 210351B4835FA' is selected.
11:13:23 INFO  : 'jtag frequency' command is executed.
11:13:23 INFO  : Sourcing of 'C:/Users/behaje/bluetooth_ble2/bluetooth_ble2.sdk/design_1_wrapper_hw_platform_0/ps7_init.tcl' is done.
11:13:23 INFO  : Context for 'APU' is selected.
11:13:23 INFO  : Hardware design information is loaded from 'C:/Users/behaje/bluetooth_ble2/bluetooth_ble2.sdk/design_1_wrapper_hw_platform_0/system.hdf'.
11:13:23 INFO  : 'configparams force-mem-access 1' command is executed.
11:13:23 INFO  : Context for 'APU' is selected.
11:13:23 INFO  : 'stop' command is executed.
11:13:23 INFO  : 'ps7_init' command is executed.
11:13:23 INFO  : 'ps7_post_config' command is executed.
11:13:23 INFO  : Context for processor 'ps7_cortexa9_0' is selected.
11:13:23 INFO  : Processor reset is completed for 'ps7_cortexa9_0'.
11:13:23 INFO  : Context for processor 'ps7_cortexa9_0' is selected.
11:13:23 INFO  : The application 'C:/Users/behaje/bluetooth_ble2/bluetooth_ble2.sdk/pmod_ble/Debug/pmod_ble.elf' is downloaded to processor 'ps7_cortexa9_0'.
11:13:23 INFO  : 'configparams force-mem-access 0' command is executed.
11:13:23 INFO  : ----------------XSDB Script----------------
connect -url tcp:127.0.0.1:3121
source C:/Users/behaje/bluetooth_ble2/bluetooth_ble2.sdk/design_1_wrapper_hw_platform_0/ps7_init.tcl
targets -set -nocase -filter {name =~"APU*" && jtag_cable_name =~ "Digilent Zybo Z7 210351B4835FA"} -index 0
loadhw -hw C:/Users/behaje/bluetooth_ble2/bluetooth_ble2.sdk/design_1_wrapper_hw_platform_0/system.hdf -mem-ranges [list {0x40000000 0xbfffffff}]
configparams force-mem-access 1
targets -set -nocase -filter {name =~"APU*" && jtag_cable_name =~ "Digilent Zybo Z7 210351B4835FA"} -index 0
stop
ps7_init
ps7_post_config
targets -set -nocase -filter {name =~ "ARM*#0" && jtag_cable_name =~ "Digilent Zybo Z7 210351B4835FA"} -index 0
rst -processor
targets -set -nocase -filter {name =~ "ARM*#0" && jtag_cable_name =~ "Digilent Zybo Z7 210351B4835FA"} -index 0
dow C:/Users/behaje/bluetooth_ble2/bluetooth_ble2.sdk/pmod_ble/Debug/pmod_ble.elf
configparams force-mem-access 0
----------------End of Script----------------

11:13:24 INFO  : Memory regions updated for context APU
11:13:24 INFO  : Context for processor 'ps7_cortexa9_0' is selected.
11:13:24 INFO  : 'con' command is executed.
11:13:24 INFO  : ----------------XSDB Script (After Launch)----------------
targets -set -nocase -filter {name =~ "ARM*#0" && jtag_cable_name =~ "Digilent Zybo Z7 210351B4835FA"} -index 0
con
----------------End of Script----------------

11:13:24 INFO  : Launch script is exported to file 'C:\Users\behaje\bluetooth_ble2\bluetooth_ble2.sdk\.sdk\launch_scripts\xilinx_c-c++_application_(system_debugger)\system_debugger_using_debug_pmod_ble.elf_on_local.tcl'
11:14:39 INFO  : Disconnected from the channel tcfchan#1.
11:14:40 INFO  : 'targets -set -filter {jtag_cable_name =~ "Digilent Zybo Z7 210351B4835FA" && level==0} -index 1' command is executed.
11:14:40 INFO  : 'fpga -state' command is executed.
11:14:40 INFO  : Connected to target on host '127.0.0.1' and port '3121'.
11:14:40 INFO  : Jtag cable 'Digilent Zybo Z7 210351B4835FA' is selected.
11:14:40 INFO  : 'jtag frequency' command is executed.
11:14:40 INFO  : Sourcing of 'C:/Users/behaje/bluetooth_ble2/bluetooth_ble2.sdk/design_1_wrapper_hw_platform_0/ps7_init.tcl' is done.
11:14:40 INFO  : Context for 'APU' is selected.
11:14:42 INFO  : Hardware design information is loaded from 'C:/Users/behaje/bluetooth_ble2/bluetooth_ble2.sdk/design_1_wrapper_hw_platform_0/system.hdf'.
11:14:42 INFO  : 'configparams force-mem-access 1' command is executed.
11:14:42 INFO  : Context for 'APU' is selected.
11:14:42 INFO  : 'stop' command is executed.
11:14:42 INFO  : 'ps7_init' command is executed.
11:14:42 INFO  : 'ps7_post_config' command is executed.
11:14:42 INFO  : Context for processor 'ps7_cortexa9_0' is selected.
11:14:42 INFO  : Processor reset is completed for 'ps7_cortexa9_0'.
11:14:42 INFO  : Context for processor 'ps7_cortexa9_0' is selected.
11:14:42 INFO  : The application 'C:/Users/behaje/bluetooth_ble2/bluetooth_ble2.sdk/pmod_ble/Debug/pmod_ble.elf' is downloaded to processor 'ps7_cortexa9_0'.
11:14:42 INFO  : 'configparams force-mem-access 0' command is executed.
11:14:42 INFO  : ----------------XSDB Script----------------
connect -url tcp:127.0.0.1:3121
source C:/Users/behaje/bluetooth_ble2/bluetooth_ble2.sdk/design_1_wrapper_hw_platform_0/ps7_init.tcl
targets -set -nocase -filter {name =~"APU*" && jtag_cable_name =~ "Digilent Zybo Z7 210351B4835FA"} -index 0
loadhw -hw C:/Users/behaje/bluetooth_ble2/bluetooth_ble2.sdk/design_1_wrapper_hw_platform_0/system.hdf -mem-ranges [list {0x40000000 0xbfffffff}]
configparams force-mem-access 1
targets -set -nocase -filter {name =~"APU*" && jtag_cable_name =~ "Digilent Zybo Z7 210351B4835FA"} -index 0
stop
ps7_init
ps7_post_config
targets -set -nocase -filter {name =~ "ARM*#0" && jtag_cable_name =~ "Digilent Zybo Z7 210351B4835FA"} -index 0
rst -processor
targets -set -nocase -filter {name =~ "ARM*#0" && jtag_cable_name =~ "Digilent Zybo Z7 210351B4835FA"} -index 0
dow C:/Users/behaje/bluetooth_ble2/bluetooth_ble2.sdk/pmod_ble/Debug/pmod_ble.elf
configparams force-mem-access 0
----------------End of Script----------------

11:14:42 INFO  : Memory regions updated for context APU
11:14:42 INFO  : Context for processor 'ps7_cortexa9_0' is selected.
11:14:42 INFO  : 'con' command is executed.
11:14:42 INFO  : ----------------XSDB Script (After Launch)----------------
targets -set -nocase -filter {name =~ "ARM*#0" && jtag_cable_name =~ "Digilent Zybo Z7 210351B4835FA"} -index 0
con
----------------End of Script----------------

11:14:42 INFO  : Launch script is exported to file 'C:\Users\behaje\bluetooth_ble2\bluetooth_ble2.sdk\.sdk\launch_scripts\xilinx_c-c++_application_(system_debugger)\system_debugger_using_debug_pmod_ble.elf_on_local.tcl'
11:15:00 INFO  : Disconnected from the channel tcfchan#2.
11:15:01 INFO  : 'targets -set -filter {jtag_cable_name =~ "Digilent Zybo Z7 210351B4835FA" && level==0} -index 1' command is executed.
11:15:01 INFO  : 'fpga -state' command is executed.
11:15:01 INFO  : Connected to target on host '127.0.0.1' and port '3121'.
11:15:01 INFO  : Jtag cable 'Digilent Zybo Z7 210351B4835FA' is selected.
11:15:01 INFO  : 'jtag frequency' command is executed.
11:15:01 INFO  : Sourcing of 'C:/Users/behaje/bluetooth_ble2/bluetooth_ble2.sdk/design_1_wrapper_hw_platform_0/ps7_init.tcl' is done.
11:15:01 INFO  : Context for 'APU' is selected.
11:15:03 INFO  : Hardware design information is loaded from 'C:/Users/behaje/bluetooth_ble2/bluetooth_ble2.sdk/design_1_wrapper_hw_platform_0/system.hdf'.
11:15:03 INFO  : 'configparams force-mem-access 1' command is executed.
11:15:03 INFO  : Context for 'APU' is selected.
11:15:03 INFO  : 'stop' command is executed.
11:15:03 INFO  : 'ps7_init' command is executed.
11:15:03 INFO  : 'ps7_post_config' command is executed.
11:15:03 INFO  : Context for processor 'ps7_cortexa9_0' is selected.
11:15:03 INFO  : Processor reset is completed for 'ps7_cortexa9_0'.
11:15:03 INFO  : Context for processor 'ps7_cortexa9_0' is selected.
11:15:03 INFO  : The application 'C:/Users/behaje/bluetooth_ble2/bluetooth_ble2.sdk/pmod_ble/Debug/pmod_ble.elf' is downloaded to processor 'ps7_cortexa9_0'.
11:15:03 INFO  : 'configparams force-mem-access 0' command is executed.
11:15:03 INFO  : ----------------XSDB Script----------------
connect -url tcp:127.0.0.1:3121
source C:/Users/behaje/bluetooth_ble2/bluetooth_ble2.sdk/design_1_wrapper_hw_platform_0/ps7_init.tcl
targets -set -nocase -filter {name =~"APU*" && jtag_cable_name =~ "Digilent Zybo Z7 210351B4835FA"} -index 0
loadhw -hw C:/Users/behaje/bluetooth_ble2/bluetooth_ble2.sdk/design_1_wrapper_hw_platform_0/system.hdf -mem-ranges [list {0x40000000 0xbfffffff}]
configparams force-mem-access 1
targets -set -nocase -filter {name =~"APU*" && jtag_cable_name =~ "Digilent Zybo Z7 210351B4835FA"} -index 0
stop
ps7_init
ps7_post_config
targets -set -nocase -filter {name =~ "ARM*#0" && jtag_cable_name =~ "Digilent Zybo Z7 210351B4835FA"} -index 0
rst -processor
targets -set -nocase -filter {name =~ "ARM*#0" && jtag_cable_name =~ "Digilent Zybo Z7 210351B4835FA"} -index 0
dow C:/Users/behaje/bluetooth_ble2/bluetooth_ble2.sdk/pmod_ble/Debug/pmod_ble.elf
configparams force-mem-access 0
----------------End of Script----------------

11:15:03 INFO  : Memory regions updated for context APU
11:15:03 INFO  : Context for processor 'ps7_cortexa9_0' is selected.
11:15:03 INFO  : 'con' command is executed.
11:15:03 INFO  : ----------------XSDB Script (After Launch)----------------
targets -set -nocase -filter {name =~ "ARM*#0" && jtag_cable_name =~ "Digilent Zybo Z7 210351B4835FA"} -index 0
con
----------------End of Script----------------

11:15:03 INFO  : Launch script is exported to file 'C:\Users\behaje\bluetooth_ble2\bluetooth_ble2.sdk\.sdk\launch_scripts\xilinx_c-c++_application_(system_debugger)\system_debugger_using_debug_pmod_ble.elf_on_local.tcl'
11:37:43 INFO  : Disconnected from the channel tcfchan#3.
11:38:02 INFO  : Registering command handlers for SDK TCF services
11:38:03 INFO  : Launching XSCT server: xsct.bat -interactive C:\Users\behaje\bluetooth_ble2\bluetooth_ble2.sdk\temp_xsdb_launch_script.tcl
11:38:05 INFO  : XSCT server has started successfully.
11:38:05 INFO  : Successfully done setting XSCT server connection channel  
11:38:05 INFO  : Successfully done setting SDK workspace  
11:38:05 INFO  : Processing command line option -hwspec C:/Users/behaje/bluetooth_ble2/bluetooth_ble2.sdk/design_1_wrapper.hdf.
11:38:05 INFO  : Checking for hwspec changes in the project design_1_wrapper_hw_platform_0.
11:38:27 INFO  : Connected to target on host '127.0.0.1' and port '3121'.
11:38:27 INFO  : 'targets -set -filter {jtag_cable_name =~ "Digilent Zybo Z7 210351B4835FA" && level==0} -index 1' command is executed.
11:38:30 INFO  : FPGA configured successfully with bitstream "C:/Users/behaje/bluetooth_ble2/bluetooth_ble2.sdk/design_1_wrapper_hw_platform_0/design_1_wrapper.bit"
11:38:37 INFO  : 'targets -set -filter {jtag_cable_name =~ "Digilent Zybo Z7 210351B4835FA" && level==0} -index 1' command is executed.
11:38:37 INFO  : 'fpga -state' command is executed.
11:38:37 INFO  : Connected to target on host '127.0.0.1' and port '3121'.
11:38:37 INFO  : Jtag cable 'Digilent Zybo Z7 210351B4835FA' is selected.
11:38:37 INFO  : 'jtag frequency' command is executed.
11:38:37 INFO  : Sourcing of 'C:/Users/behaje/bluetooth_ble2/bluetooth_ble2.sdk/design_1_wrapper_hw_platform_0/ps7_init.tcl' is done.
11:38:37 INFO  : Context for 'APU' is selected.
11:38:37 INFO  : Hardware design information is loaded from 'C:/Users/behaje/bluetooth_ble2/bluetooth_ble2.sdk/design_1_wrapper_hw_platform_0/system.hdf'.
11:38:37 INFO  : 'configparams force-mem-access 1' command is executed.
11:38:37 INFO  : Context for 'APU' is selected.
11:38:37 INFO  : 'stop' command is executed.
11:38:37 INFO  : 'ps7_init' command is executed.
11:38:37 INFO  : 'ps7_post_config' command is executed.
11:38:37 INFO  : Context for processor 'ps7_cortexa9_0' is selected.
11:38:37 INFO  : Processor reset is completed for 'ps7_cortexa9_0'.
11:38:37 INFO  : Context for processor 'ps7_cortexa9_0' is selected.
11:38:38 INFO  : The application 'C:/Users/behaje/bluetooth_ble2/bluetooth_ble2.sdk/pmod_ble/Debug/pmod_ble.elf' is downloaded to processor 'ps7_cortexa9_0'.
11:38:38 INFO  : 'configparams force-mem-access 0' command is executed.
11:38:38 INFO  : ----------------XSDB Script----------------
connect -url tcp:127.0.0.1:3121
source C:/Users/behaje/bluetooth_ble2/bluetooth_ble2.sdk/design_1_wrapper_hw_platform_0/ps7_init.tcl
targets -set -nocase -filter {name =~"APU*" && jtag_cable_name =~ "Digilent Zybo Z7 210351B4835FA"} -index 0
loadhw -hw C:/Users/behaje/bluetooth_ble2/bluetooth_ble2.sdk/design_1_wrapper_hw_platform_0/system.hdf -mem-ranges [list {0x40000000 0xbfffffff}]
configparams force-mem-access 1
targets -set -nocase -filter {name =~"APU*" && jtag_cable_name =~ "Digilent Zybo Z7 210351B4835FA"} -index 0
stop
ps7_init
ps7_post_config
targets -set -nocase -filter {name =~ "ARM*#0" && jtag_cable_name =~ "Digilent Zybo Z7 210351B4835FA"} -index 0
rst -processor
targets -set -nocase -filter {name =~ "ARM*#0" && jtag_cable_name =~ "Digilent Zybo Z7 210351B4835FA"} -index 0
dow C:/Users/behaje/bluetooth_ble2/bluetooth_ble2.sdk/pmod_ble/Debug/pmod_ble.elf
configparams force-mem-access 0
----------------End of Script----------------

11:38:38 INFO  : Memory regions updated for context APU
11:38:38 INFO  : Context for processor 'ps7_cortexa9_0' is selected.
11:38:38 INFO  : 'con' command is executed.
11:38:38 INFO  : ----------------XSDB Script (After Launch)----------------
targets -set -nocase -filter {name =~ "ARM*#0" && jtag_cable_name =~ "Digilent Zybo Z7 210351B4835FA"} -index 0
con
----------------End of Script----------------

11:38:38 INFO  : Launch script is exported to file 'C:\Users\behaje\bluetooth_ble2\bluetooth_ble2.sdk\.sdk\launch_scripts\xilinx_c-c++_application_(system_debugger)\system_debugger_using_debug_pmod_ble.elf_on_local.tcl'
11:39:43 INFO  : Disconnected from the channel tcfchan#1.
11:39:56 INFO  : Registering command handlers for SDK TCF services
11:39:57 INFO  : Launching XSCT server: xsct.bat -interactive C:\Users\behaje\bluetooth_ble2\bluetooth_ble2.sdk\temp_xsdb_launch_script.tcl
11:40:00 INFO  : XSCT server has started successfully.
11:40:01 INFO  : Successfully done setting XSCT server connection channel  
11:40:01 INFO  : Successfully done setting SDK workspace  
11:40:01 INFO  : Processing command line option -hwspec C:/Users/behaje/bluetooth_ble2/bluetooth_ble2.sdk/design_1_wrapper.hdf.
11:40:01 INFO  : Checking for hwspec changes in the project design_1_wrapper_hw_platform_0.
11:40:26 INFO  : 'targets -set -filter {jtag_cable_name =~ "Digilent Zybo Z7 210351B4835FA" && level==0} -index 1' command is executed.
11:40:26 INFO  : 'fpga -state' command is executed.
11:40:26 INFO  : Connected to target on host '127.0.0.1' and port '3121'.
11:40:26 INFO  : Jtag cable 'Digilent Zybo Z7 210351B4835FA' is selected.
11:40:26 INFO  : 'jtag frequency' command is executed.
11:40:26 INFO  : Sourcing of 'C:/Users/behaje/bluetooth_ble2/bluetooth_ble2.sdk/design_1_wrapper_hw_platform_0/ps7_init.tcl' is done.
11:40:26 INFO  : Context for 'APU' is selected.
11:40:26 INFO  : Hardware design information is loaded from 'C:/Users/behaje/bluetooth_ble2/bluetooth_ble2.sdk/design_1_wrapper_hw_platform_0/system.hdf'.
11:40:26 INFO  : 'configparams force-mem-access 1' command is executed.
11:40:26 INFO  : Context for 'APU' is selected.
11:40:26 INFO  : 'stop' command is executed.
11:40:27 INFO  : 'ps7_init' command is executed.
11:40:27 INFO  : 'ps7_post_config' command is executed.
11:40:27 INFO  : Context for processor 'ps7_cortexa9_0' is selected.
11:40:27 INFO  : Processor reset is completed for 'ps7_cortexa9_0'.
11:40:27 INFO  : Context for processor 'ps7_cortexa9_0' is selected.
11:40:27 INFO  : The application 'C:/Users/behaje/bluetooth_ble2/bluetooth_ble2.sdk/pmod_ble/Debug/pmod_ble.elf' is downloaded to processor 'ps7_cortexa9_0'.
11:40:27 INFO  : 'configparams force-mem-access 0' command is executed.
11:40:27 INFO  : ----------------XSDB Script----------------
connect -url tcp:127.0.0.1:3121
source C:/Users/behaje/bluetooth_ble2/bluetooth_ble2.sdk/design_1_wrapper_hw_platform_0/ps7_init.tcl
targets -set -nocase -filter {name =~"APU*" && jtag_cable_name =~ "Digilent Zybo Z7 210351B4835FA"} -index 0
loadhw -hw C:/Users/behaje/bluetooth_ble2/bluetooth_ble2.sdk/design_1_wrapper_hw_platform_0/system.hdf -mem-ranges [list {0x40000000 0xbfffffff}]
configparams force-mem-access 1
targets -set -nocase -filter {name =~"APU*" && jtag_cable_name =~ "Digilent Zybo Z7 210351B4835FA"} -index 0
stop
ps7_init
ps7_post_config
targets -set -nocase -filter {name =~ "ARM*#0" && jtag_cable_name =~ "Digilent Zybo Z7 210351B4835FA"} -index 0
rst -processor
targets -set -nocase -filter {name =~ "ARM*#0" && jtag_cable_name =~ "Digilent Zybo Z7 210351B4835FA"} -index 0
dow C:/Users/behaje/bluetooth_ble2/bluetooth_ble2.sdk/pmod_ble/Debug/pmod_ble.elf
configparams force-mem-access 0
----------------End of Script----------------

11:40:27 INFO  : Memory regions updated for context APU
11:40:27 INFO  : Context for processor 'ps7_cortexa9_0' is selected.
11:40:27 INFO  : 'con' command is executed.
11:40:27 INFO  : ----------------XSDB Script (After Launch)----------------
targets -set -nocase -filter {name =~ "ARM*#0" && jtag_cable_name =~ "Digilent Zybo Z7 210351B4835FA"} -index 0
con
----------------End of Script----------------

11:40:27 INFO  : Launch script is exported to file 'C:\Users\behaje\bluetooth_ble2\bluetooth_ble2.sdk\.sdk\launch_scripts\xilinx_c-c++_application_(system_debugger)\system_debugger_using_debug_pmod_ble.elf_on_local.tcl'
11:40:42 INFO  : Disconnected from the channel tcfchan#1.
11:41:27 INFO  : Attempting to launch Hardware server...
11:41:27 INFO  : Hardware server is launched successfully.
11:41:50 INFO  : Connected to target on host '127.0.0.1' and port '3121'.
11:41:51 INFO  : 'targets -set -filter {jtag_cable_name =~ "Digilent Zybo Z7 210351B4835FA" && level==0} -index 1' command is executed.
11:41:53 INFO  : FPGA configured successfully with bitstream "C:/Users/behaje/bluetooth_ble2/bluetooth_ble2.sdk/design_1_wrapper_hw_platform_0/design_1_wrapper.bit"
11:42:26 INFO  : 'targets -set -filter {jtag_cable_name =~ "Digilent Zybo Z7 210351B4835FA" && level==0} -index 1' command is executed.
11:42:26 INFO  : 'fpga -state' command is executed.
11:42:26 INFO  : Connected to target on host '127.0.0.1' and port '3121'.
11:42:26 INFO  : Jtag cable 'Digilent Zybo Z7 210351B4835FA' is selected.
11:42:26 INFO  : 'jtag frequency' command is executed.
11:42:26 INFO  : Sourcing of 'C:/Users/behaje/bluetooth_ble2/bluetooth_ble2.sdk/design_1_wrapper_hw_platform_0/ps7_init.tcl' is done.
11:42:26 INFO  : Context for 'APU' is selected.
11:42:26 INFO  : Hardware design information is loaded from 'C:/Users/behaje/bluetooth_ble2/bluetooth_ble2.sdk/design_1_wrapper_hw_platform_0/system.hdf'.
11:42:26 INFO  : 'configparams force-mem-access 1' command is executed.
11:42:26 INFO  : Context for 'APU' is selected.
11:42:27 INFO  : 'stop' command is executed.
11:42:27 INFO  : 'ps7_init' command is executed.
11:42:27 INFO  : 'ps7_post_config' command is executed.
11:42:27 INFO  : Context for processor 'ps7_cortexa9_0' is selected.
11:42:27 INFO  : Processor reset is completed for 'ps7_cortexa9_0'.
11:42:27 INFO  : Context for processor 'ps7_cortexa9_0' is selected.
11:42:27 INFO  : The application 'C:/Users/behaje/bluetooth_ble2/bluetooth_ble2.sdk/pmod_ble/Debug/pmod_ble.elf' is downloaded to processor 'ps7_cortexa9_0'.
11:42:27 INFO  : 'configparams force-mem-access 0' command is executed.
11:42:27 INFO  : ----------------XSDB Script----------------
connect -url tcp:127.0.0.1:3121
source C:/Users/behaje/bluetooth_ble2/bluetooth_ble2.sdk/design_1_wrapper_hw_platform_0/ps7_init.tcl
targets -set -nocase -filter {name =~"APU*" && jtag_cable_name =~ "Digilent Zybo Z7 210351B4835FA"} -index 0
loadhw -hw C:/Users/behaje/bluetooth_ble2/bluetooth_ble2.sdk/design_1_wrapper_hw_platform_0/system.hdf -mem-ranges [list {0x40000000 0xbfffffff}]
configparams force-mem-access 1
targets -set -nocase -filter {name =~"APU*" && jtag_cable_name =~ "Digilent Zybo Z7 210351B4835FA"} -index 0
stop
ps7_init
ps7_post_config
targets -set -nocase -filter {name =~ "ARM*#0" && jtag_cable_name =~ "Digilent Zybo Z7 210351B4835FA"} -index 0
rst -processor
targets -set -nocase -filter {name =~ "ARM*#0" && jtag_cable_name =~ "Digilent Zybo Z7 210351B4835FA"} -index 0
dow C:/Users/behaje/bluetooth_ble2/bluetooth_ble2.sdk/pmod_ble/Debug/pmod_ble.elf
configparams force-mem-access 0
----------------End of Script----------------

11:42:29 INFO  : Disconnected from the channel tcfchan#2.
11:43:05 INFO  : 'targets -set -filter {jtag_cable_name =~ "Digilent Zybo Z7 210351B4835FA" && level==0} -index 1' command is executed.
11:43:05 INFO  : 'fpga -state' command is executed.
11:43:05 INFO  : Connected to target on host '127.0.0.1' and port '3121'.
11:43:06 INFO  : Jtag cable 'Digilent Zybo Z7 210351B4835FA' is selected.
11:43:06 INFO  : 'jtag frequency' command is executed.
11:43:06 INFO  : Sourcing of 'C:/Users/behaje/bluetooth_ble2/bluetooth_ble2.sdk/design_1_wrapper_hw_platform_0/ps7_init.tcl' is done.
11:43:06 INFO  : Context for 'APU' is selected.
11:43:07 INFO  : Hardware design information is loaded from 'C:/Users/behaje/bluetooth_ble2/bluetooth_ble2.sdk/design_1_wrapper_hw_platform_0/system.hdf'.
11:43:07 INFO  : 'configparams force-mem-access 1' command is executed.
11:43:07 INFO  : Context for 'APU' is selected.
11:43:07 INFO  : 'stop' command is executed.
11:43:08 INFO  : 'ps7_init' command is executed.
11:43:08 INFO  : 'ps7_post_config' command is executed.
11:43:08 INFO  : Context for processor 'ps7_cortexa9_0' is selected.
11:43:08 INFO  : Processor reset is completed for 'ps7_cortexa9_0'.
11:43:08 INFO  : Context for processor 'ps7_cortexa9_0' is selected.
11:43:08 INFO  : The application 'C:/Users/behaje/bluetooth_ble2/bluetooth_ble2.sdk/pmod_ble/Debug/pmod_ble.elf' is downloaded to processor 'ps7_cortexa9_0'.
11:43:08 INFO  : 'configparams force-mem-access 0' command is executed.
11:43:08 INFO  : ----------------XSDB Script----------------
connect -url tcp:127.0.0.1:3121
source C:/Users/behaje/bluetooth_ble2/bluetooth_ble2.sdk/design_1_wrapper_hw_platform_0/ps7_init.tcl
targets -set -nocase -filter {name =~"APU*" && jtag_cable_name =~ "Digilent Zybo Z7 210351B4835FA"} -index 0
loadhw -hw C:/Users/behaje/bluetooth_ble2/bluetooth_ble2.sdk/design_1_wrapper_hw_platform_0/system.hdf -mem-ranges [list {0x40000000 0xbfffffff}]
configparams force-mem-access 1
targets -set -nocase -filter {name =~"APU*" && jtag_cable_name =~ "Digilent Zybo Z7 210351B4835FA"} -index 0
stop
ps7_init
ps7_post_config
targets -set -nocase -filter {name =~ "ARM*#0" && jtag_cable_name =~ "Digilent Zybo Z7 210351B4835FA"} -index 0
rst -processor
targets -set -nocase -filter {name =~ "ARM*#0" && jtag_cable_name =~ "Digilent Zybo Z7 210351B4835FA"} -index 0
dow C:/Users/behaje/bluetooth_ble2/bluetooth_ble2.sdk/pmod_ble/Debug/pmod_ble.elf
configparams force-mem-access 0
----------------End of Script----------------

11:43:09 INFO  : Disconnected from the channel tcfchan#3.
11:43:36 INFO  : 'targets -set -filter {jtag_cable_name =~ "Digilent Zybo Z7 210351B4835FA" && level==0} -index 1' command is executed.
11:43:36 INFO  : 'fpga -state' command is executed.
11:43:36 INFO  : Connected to target on host '127.0.0.1' and port '3121'.
11:43:37 INFO  : Jtag cable 'Digilent Zybo Z7 210351B4835FA' is selected.
11:43:37 INFO  : 'jtag frequency' command is executed.
11:43:37 INFO  : Sourcing of 'C:/Users/behaje/bluetooth_ble2/bluetooth_ble2.sdk/design_1_wrapper_hw_platform_0/ps7_init.tcl' is done.
11:43:37 INFO  : Context for 'APU' is selected.
11:43:38 INFO  : Hardware design information is loaded from 'C:/Users/behaje/bluetooth_ble2/bluetooth_ble2.sdk/design_1_wrapper_hw_platform_0/system.hdf'.
11:43:38 INFO  : 'configparams force-mem-access 1' command is executed.
11:43:38 INFO  : Context for 'APU' is selected.
11:43:38 INFO  : 'stop' command is executed.
11:43:39 INFO  : 'ps7_init' command is executed.
11:43:39 INFO  : 'ps7_post_config' command is executed.
11:43:39 INFO  : Context for processor 'ps7_cortexa9_0' is selected.
11:43:39 INFO  : Processor reset is completed for 'ps7_cortexa9_0'.
11:43:39 INFO  : Context for processor 'ps7_cortexa9_0' is selected.
11:43:39 INFO  : The application 'C:/Users/behaje/bluetooth_ble2/bluetooth_ble2.sdk/pmod_ble/Debug/pmod_ble.elf' is downloaded to processor 'ps7_cortexa9_0'.
11:43:39 INFO  : 'configparams force-mem-access 0' command is executed.
11:43:39 INFO  : ----------------XSDB Script----------------
connect -url tcp:127.0.0.1:3121
source C:/Users/behaje/bluetooth_ble2/bluetooth_ble2.sdk/design_1_wrapper_hw_platform_0/ps7_init.tcl
targets -set -nocase -filter {name =~"APU*" && jtag_cable_name =~ "Digilent Zybo Z7 210351B4835FA"} -index 0
loadhw -hw C:/Users/behaje/bluetooth_ble2/bluetooth_ble2.sdk/design_1_wrapper_hw_platform_0/system.hdf -mem-ranges [list {0x40000000 0xbfffffff}]
configparams force-mem-access 1
targets -set -nocase -filter {name =~"APU*" && jtag_cable_name =~ "Digilent Zybo Z7 210351B4835FA"} -index 0
stop
ps7_init
ps7_post_config
targets -set -nocase -filter {name =~ "ARM*#0" && jtag_cable_name =~ "Digilent Zybo Z7 210351B4835FA"} -index 0
rst -processor
targets -set -nocase -filter {name =~ "ARM*#0" && jtag_cable_name =~ "Digilent Zybo Z7 210351B4835FA"} -index 0
dow C:/Users/behaje/bluetooth_ble2/bluetooth_ble2.sdk/pmod_ble/Debug/pmod_ble.elf
configparams force-mem-access 0
----------------End of Script----------------

11:43:39 INFO  : Memory regions updated for context APU
11:43:39 INFO  : Context for processor 'ps7_cortexa9_0' is selected.
11:43:39 INFO  : 'con' command is executed.
11:43:39 INFO  : ----------------XSDB Script (After Launch)----------------
targets -set -nocase -filter {name =~ "ARM*#0" && jtag_cable_name =~ "Digilent Zybo Z7 210351B4835FA"} -index 0
con
----------------End of Script----------------

11:43:39 INFO  : Launch script is exported to file 'C:\Users\behaje\bluetooth_ble2\bluetooth_ble2.sdk\.sdk\launch_scripts\xilinx_c-c++_application_(system_debugger)\system_debugger_using_debug_pmod_ble.elf_on_local.tcl'
11:44:07 INFO  : Disconnected from the channel tcfchan#4.
11:44:11 INFO  : 'targets -set -filter {jtag_cable_name =~ "Digilent Zybo Z7 210351B4835FA" && level==0} -index 1' command is executed.
11:44:11 INFO  : 'fpga -state' command is executed.
11:44:11 INFO  : Connected to target on host '127.0.0.1' and port '3121'.
11:44:12 INFO  : Jtag cable 'Digilent Zybo Z7 210351B4835FA' is selected.
11:44:12 INFO  : 'jtag frequency' command is executed.
11:44:12 INFO  : Sourcing of 'C:/Users/behaje/bluetooth_ble2/bluetooth_ble2.sdk/design_1_wrapper_hw_platform_0/ps7_init.tcl' is done.
11:44:12 INFO  : Context for 'APU' is selected.
11:44:13 INFO  : Hardware design information is loaded from 'C:/Users/behaje/bluetooth_ble2/bluetooth_ble2.sdk/design_1_wrapper_hw_platform_0/system.hdf'.
11:44:13 INFO  : 'configparams force-mem-access 1' command is executed.
11:44:14 INFO  : Context for 'APU' is selected.
11:44:14 INFO  : 'stop' command is executed.
11:44:14 INFO  : 'ps7_init' command is executed.
11:44:14 INFO  : 'ps7_post_config' command is executed.
11:44:14 INFO  : Context for processor 'ps7_cortexa9_0' is selected.
11:44:14 INFO  : Processor reset is completed for 'ps7_cortexa9_0'.
11:44:14 INFO  : Context for processor 'ps7_cortexa9_0' is selected.
11:44:14 INFO  : The application 'C:/Users/behaje/bluetooth_ble2/bluetooth_ble2.sdk/pmod_ble/Debug/pmod_ble.elf' is downloaded to processor 'ps7_cortexa9_0'.
11:44:14 INFO  : 'configparams force-mem-access 0' command is executed.
11:44:14 INFO  : ----------------XSDB Script----------------
connect -url tcp:127.0.0.1:3121
source C:/Users/behaje/bluetooth_ble2/bluetooth_ble2.sdk/design_1_wrapper_hw_platform_0/ps7_init.tcl
targets -set -nocase -filter {name =~"APU*" && jtag_cable_name =~ "Digilent Zybo Z7 210351B4835FA"} -index 0
loadhw -hw C:/Users/behaje/bluetooth_ble2/bluetooth_ble2.sdk/design_1_wrapper_hw_platform_0/system.hdf -mem-ranges [list {0x40000000 0xbfffffff}]
configparams force-mem-access 1
targets -set -nocase -filter {name =~"APU*" && jtag_cable_name =~ "Digilent Zybo Z7 210351B4835FA"} -index 0
stop
ps7_init
ps7_post_config
targets -set -nocase -filter {name =~ "ARM*#0" && jtag_cable_name =~ "Digilent Zybo Z7 210351B4835FA"} -index 0
rst -processor
targets -set -nocase -filter {name =~ "ARM*#0" && jtag_cable_name =~ "Digilent Zybo Z7 210351B4835FA"} -index 0
dow C:/Users/behaje/bluetooth_ble2/bluetooth_ble2.sdk/pmod_ble/Debug/pmod_ble.elf
configparams force-mem-access 0
----------------End of Script----------------

11:44:14 INFO  : Memory regions updated for context APU
11:44:14 INFO  : Context for processor 'ps7_cortexa9_0' is selected.
11:44:14 INFO  : 'con' command is executed.
11:44:14 INFO  : ----------------XSDB Script (After Launch)----------------
targets -set -nocase -filter {name =~ "ARM*#0" && jtag_cable_name =~ "Digilent Zybo Z7 210351B4835FA"} -index 0
con
----------------End of Script----------------

11:44:14 INFO  : Launch script is exported to file 'C:\Users\behaje\bluetooth_ble2\bluetooth_ble2.sdk\.sdk\launch_scripts\xilinx_c-c++_application_(system_debugger)\system_debugger_using_debug_pmod_ble.elf_on_local.tcl'
11:44:44 INFO  : Disconnected from the channel tcfchan#5.
12:18:46 INFO  : Connected to target on host '127.0.0.1' and port '3121'.
12:18:46 INFO  : 'targets -set -filter {jtag_cable_name =~ "Digilent Zybo Z7 210351B4835FA" && level==0} -index 1' command is executed.
12:18:49 INFO  : FPGA configured successfully with bitstream "C:/Users/behaje/bluetooth_ble2/bluetooth_ble2.sdk/design_1_wrapper_hw_platform_0/design_1_wrapper.bit"
12:18:55 INFO  : 'targets -set -filter {jtag_cable_name =~ "Digilent Zybo Z7 210351B4835FA" && level==0} -index 1' command is executed.
12:18:55 INFO  : 'fpga -state' command is executed.
12:18:55 INFO  : Connected to target on host '127.0.0.1' and port '3121'.
12:18:56 INFO  : Jtag cable 'Digilent Zybo Z7 210351B4835FA' is selected.
12:18:56 INFO  : 'jtag frequency' command is executed.
12:18:56 INFO  : Sourcing of 'C:/Users/behaje/bluetooth_ble2/bluetooth_ble2.sdk/design_1_wrapper_hw_platform_0/ps7_init.tcl' is done.
12:18:56 INFO  : Context for 'APU' is selected.
12:18:56 INFO  : Hardware design information is loaded from 'C:/Users/behaje/bluetooth_ble2/bluetooth_ble2.sdk/design_1_wrapper_hw_platform_0/system.hdf'.
12:18:56 INFO  : 'configparams force-mem-access 1' command is executed.
12:18:56 INFO  : Context for 'APU' is selected.
12:18:56 INFO  : 'stop' command is executed.
12:18:56 INFO  : 'ps7_init' command is executed.
12:18:56 INFO  : 'ps7_post_config' command is executed.
12:18:56 INFO  : Context for processor 'ps7_cortexa9_0' is selected.
12:18:56 INFO  : Processor reset is completed for 'ps7_cortexa9_0'.
12:18:56 INFO  : Context for processor 'ps7_cortexa9_0' is selected.
12:18:56 INFO  : The application 'C:/Users/behaje/bluetooth_ble2/bluetooth_ble2.sdk/pmod_ble/Debug/pmod_ble.elf' is downloaded to processor 'ps7_cortexa9_0'.
12:18:56 INFO  : 'configparams force-mem-access 0' command is executed.
12:18:56 INFO  : ----------------XSDB Script----------------
connect -url tcp:127.0.0.1:3121
source C:/Users/behaje/bluetooth_ble2/bluetooth_ble2.sdk/design_1_wrapper_hw_platform_0/ps7_init.tcl
targets -set -nocase -filter {name =~"APU*" && jtag_cable_name =~ "Digilent Zybo Z7 210351B4835FA"} -index 0
loadhw -hw C:/Users/behaje/bluetooth_ble2/bluetooth_ble2.sdk/design_1_wrapper_hw_platform_0/system.hdf -mem-ranges [list {0x40000000 0xbfffffff}]
configparams force-mem-access 1
targets -set -nocase -filter {name =~"APU*" && jtag_cable_name =~ "Digilent Zybo Z7 210351B4835FA"} -index 0
stop
ps7_init
ps7_post_config
targets -set -nocase -filter {name =~ "ARM*#0" && jtag_cable_name =~ "Digilent Zybo Z7 210351B4835FA"} -index 0
rst -processor
targets -set -nocase -filter {name =~ "ARM*#0" && jtag_cable_name =~ "Digilent Zybo Z7 210351B4835FA"} -index 0
dow C:/Users/behaje/bluetooth_ble2/bluetooth_ble2.sdk/pmod_ble/Debug/pmod_ble.elf
configparams force-mem-access 0
----------------End of Script----------------

12:18:56 INFO  : Memory regions updated for context APU
12:18:56 INFO  : Context for processor 'ps7_cortexa9_0' is selected.
12:18:56 INFO  : 'con' command is executed.
12:18:56 INFO  : ----------------XSDB Script (After Launch)----------------
targets -set -nocase -filter {name =~ "ARM*#0" && jtag_cable_name =~ "Digilent Zybo Z7 210351B4835FA"} -index 0
con
----------------End of Script----------------

12:18:56 INFO  : Launch script is exported to file 'C:\Users\behaje\bluetooth_ble2\bluetooth_ble2.sdk\.sdk\launch_scripts\xilinx_c-c++_application_(system_debugger)\system_debugger_using_debug_pmod_ble.elf_on_local.tcl'
13:18:54 INFO  : Disconnected from the channel tcfchan#6.
13:40:21 INFO  : Registering command handlers for SDK TCF services
13:40:22 INFO  : Launching XSCT server: xsct.bat -interactive C:\Users\behaje\bluetooth_ble2\bluetooth_ble2.sdk\temp_xsdb_launch_script.tcl
13:40:24 INFO  : XSCT server has started successfully.
13:40:24 INFO  : Successfully done setting XSCT server connection channel  
13:40:25 INFO  : Successfully done setting SDK workspace  
13:40:25 INFO  : Processing command line option -hwspec C:/Users/behaje/bluetooth_ble2/bluetooth_ble2.sdk/design_1_wrapper.hdf.
13:40:25 INFO  : Checking for hwspec changes in the project design_1_wrapper_hw_platform_0.
13:42:00 INFO  : Connected to target on host '127.0.0.1' and port '3121'.
13:42:00 INFO  : 'targets -set -filter {jtag_cable_name =~ "Digilent Zybo Z7 210351B4835FA" && level==0} -index 1' command is executed.
13:42:03 INFO  : FPGA configured successfully with bitstream "C:/Users/behaje/bluetooth_ble2/bluetooth_ble2.sdk/design_1_wrapper_hw_platform_0/design_1_wrapper.bit"
13:42:28 INFO  : 'targets -set -filter {jtag_cable_name =~ "Digilent Zybo Z7 210351B4835FA" && level==0} -index 1' command is executed.
13:42:28 INFO  : 'fpga -state' command is executed.
13:42:28 INFO  : Connected to target on host '127.0.0.1' and port '3121'.
13:42:28 INFO  : Jtag cable 'Digilent Zybo Z7 210351B4835FA' is selected.
13:42:28 INFO  : 'jtag frequency' command is executed.
13:42:28 INFO  : Sourcing of 'C:/Users/behaje/bluetooth_ble2/bluetooth_ble2.sdk/design_1_wrapper_hw_platform_0/ps7_init.tcl' is done.
13:42:28 INFO  : Context for 'APU' is selected.
13:42:28 INFO  : Hardware design information is loaded from 'C:/Users/behaje/bluetooth_ble2/bluetooth_ble2.sdk/design_1_wrapper_hw_platform_0/system.hdf'.
13:42:28 INFO  : 'configparams force-mem-access 1' command is executed.
13:42:28 INFO  : Context for 'APU' is selected.
13:42:28 INFO  : 'stop' command is executed.
13:42:28 INFO  : 'ps7_init' command is executed.
13:42:28 INFO  : 'ps7_post_config' command is executed.
13:42:28 INFO  : Context for processor 'ps7_cortexa9_0' is selected.
13:42:29 INFO  : Processor reset is completed for 'ps7_cortexa9_0'.
13:42:29 INFO  : Context for processor 'ps7_cortexa9_0' is selected.
13:42:29 INFO  : The application 'C:/Users/behaje/bluetooth_ble2/bluetooth_ble2.sdk/pmod_ble/Debug/pmod_ble.elf' is downloaded to processor 'ps7_cortexa9_0'.
13:42:29 INFO  : 'configparams force-mem-access 0' command is executed.
13:42:29 INFO  : ----------------XSDB Script----------------
connect -url tcp:127.0.0.1:3121
source C:/Users/behaje/bluetooth_ble2/bluetooth_ble2.sdk/design_1_wrapper_hw_platform_0/ps7_init.tcl
targets -set -nocase -filter {name =~"APU*" && jtag_cable_name =~ "Digilent Zybo Z7 210351B4835FA"} -index 0
loadhw -hw C:/Users/behaje/bluetooth_ble2/bluetooth_ble2.sdk/design_1_wrapper_hw_platform_0/system.hdf -mem-ranges [list {0x40000000 0xbfffffff}]
configparams force-mem-access 1
targets -set -nocase -filter {name =~"APU*" && jtag_cable_name =~ "Digilent Zybo Z7 210351B4835FA"} -index 0
stop
ps7_init
ps7_post_config
targets -set -nocase -filter {name =~ "ARM*#0" && jtag_cable_name =~ "Digilent Zybo Z7 210351B4835FA"} -index 0
rst -processor
targets -set -nocase -filter {name =~ "ARM*#0" && jtag_cable_name =~ "Digilent Zybo Z7 210351B4835FA"} -index 0
dow C:/Users/behaje/bluetooth_ble2/bluetooth_ble2.sdk/pmod_ble/Debug/pmod_ble.elf
configparams force-mem-access 0
----------------End of Script----------------

13:42:29 INFO  : Memory regions updated for context APU
13:42:29 INFO  : Context for processor 'ps7_cortexa9_0' is selected.
13:42:29 INFO  : 'con' command is executed.
13:42:29 INFO  : ----------------XSDB Script (After Launch)----------------
targets -set -nocase -filter {name =~ "ARM*#0" && jtag_cable_name =~ "Digilent Zybo Z7 210351B4835FA"} -index 0
con
----------------End of Script----------------

13:42:29 INFO  : Launch script is exported to file 'C:\Users\behaje\bluetooth_ble2\bluetooth_ble2.sdk\.sdk\launch_scripts\xilinx_c-c++_application_(system_debugger)\system_debugger_using_debug_pmod_ble.elf_on_local.tcl'
13:42:49 INFO  : Disconnected from the channel tcfchan#1.
13:22:20 INFO  : Registering command handlers for SDK TCF services
13:22:21 INFO  : Launching XSCT server: xsct.bat -interactive C:\Users\behaje\bluetooth_ble2\bluetooth_ble2.sdk\temp_xsdb_launch_script.tcl
13:22:23 INFO  : XSCT server has started successfully.
13:22:23 INFO  : Successfully done setting XSCT server connection channel  
13:22:23 INFO  : Successfully done setting SDK workspace  
13:22:23 INFO  : Processing command line option -hwspec C:/Users/behaje/bluetooth_ble2/bluetooth_ble2.sdk/design_1_wrapper.hdf.
13:22:23 INFO  : Checking for hwspec changes in the project design_1_wrapper_hw_platform_0.
13:22:59 INFO  : Connected to target on host '127.0.0.1' and port '3121'.
13:23:00 INFO  : 'targets -set -filter {jtag_cable_name =~ "Digilent Zybo Z7 210351B4835FA" && level==0} -index 1' command is executed.
13:23:02 INFO  : FPGA configured successfully with bitstream "C:/Users/behaje/bluetooth_ble2/bluetooth_ble2.sdk/design_1_wrapper_hw_platform_0/design_1_wrapper.bit"
13:24:29 INFO  : 'targets -set -filter {jtag_cable_name =~ "Digilent Zybo Z7 210351B4835FA" && level==0} -index 1' command is executed.
13:24:29 INFO  : 'fpga -state' command is executed.
13:24:29 INFO  : Connected to target on host '127.0.0.1' and port '3121'.
13:24:29 INFO  : Jtag cable 'Digilent Zybo Z7 210351B4835FA' is selected.
13:24:29 INFO  : 'jtag frequency' command is executed.
13:24:29 INFO  : Sourcing of 'C:/Users/behaje/bluetooth_ble2/bluetooth_ble2.sdk/design_1_wrapper_hw_platform_0/ps7_init.tcl' is done.
13:24:29 INFO  : Context for 'APU' is selected.
13:24:29 INFO  : Hardware design information is loaded from 'C:/Users/behaje/bluetooth_ble2/bluetooth_ble2.sdk/design_1_wrapper_hw_platform_0/system.hdf'.
13:24:29 INFO  : 'configparams force-mem-access 1' command is executed.
13:24:29 INFO  : Context for 'APU' is selected.
13:24:29 INFO  : 'stop' command is executed.
13:24:29 INFO  : 'ps7_init' command is executed.
13:24:29 INFO  : 'ps7_post_config' command is executed.
13:24:29 INFO  : Context for processor 'ps7_cortexa9_0' is selected.
13:24:30 INFO  : Processor reset is completed for 'ps7_cortexa9_0'.
13:24:30 INFO  : Context for processor 'ps7_cortexa9_0' is selected.
13:24:30 INFO  : The application 'C:/Users/behaje/bluetooth_ble2/bluetooth_ble2.sdk/pmod_ble/Debug/pmod_ble.elf' is downloaded to processor 'ps7_cortexa9_0'.
13:24:30 INFO  : 'configparams force-mem-access 0' command is executed.
13:24:30 INFO  : ----------------XSDB Script----------------
connect -url tcp:127.0.0.1:3121
source C:/Users/behaje/bluetooth_ble2/bluetooth_ble2.sdk/design_1_wrapper_hw_platform_0/ps7_init.tcl
targets -set -nocase -filter {name =~"APU*" && jtag_cable_name =~ "Digilent Zybo Z7 210351B4835FA"} -index 0
loadhw -hw C:/Users/behaje/bluetooth_ble2/bluetooth_ble2.sdk/design_1_wrapper_hw_platform_0/system.hdf -mem-ranges [list {0x40000000 0xbfffffff}]
configparams force-mem-access 1
targets -set -nocase -filter {name =~"APU*" && jtag_cable_name =~ "Digilent Zybo Z7 210351B4835FA"} -index 0
stop
ps7_init
ps7_post_config
targets -set -nocase -filter {name =~ "ARM*#0" && jtag_cable_name =~ "Digilent Zybo Z7 210351B4835FA"} -index 0
rst -processor
targets -set -nocase -filter {name =~ "ARM*#0" && jtag_cable_name =~ "Digilent Zybo Z7 210351B4835FA"} -index 0
dow C:/Users/behaje/bluetooth_ble2/bluetooth_ble2.sdk/pmod_ble/Debug/pmod_ble.elf
configparams force-mem-access 0
----------------End of Script----------------

13:24:30 INFO  : Memory regions updated for context APU
13:24:30 INFO  : Context for processor 'ps7_cortexa9_0' is selected.
13:24:30 INFO  : 'con' command is executed.
13:24:30 INFO  : ----------------XSDB Script (After Launch)----------------
targets -set -nocase -filter {name =~ "ARM*#0" && jtag_cable_name =~ "Digilent Zybo Z7 210351B4835FA"} -index 0
con
----------------End of Script----------------

13:24:30 INFO  : Launch script is exported to file 'C:\Users\behaje\bluetooth_ble2\bluetooth_ble2.sdk\.sdk\launch_scripts\xilinx_c-c++_application_(system_debugger)\system_debugger_using_debug_pmod_ble.elf_on_local.tcl'
14:30:03 INFO  : Disconnected from the channel tcfchan#1.
15:29:51 INFO  : Registering command handlers for SDK TCF services
15:29:52 INFO  : Launching XSCT server: xsct.bat -interactive C:\Users\behaje\bluetooth_ble2\bluetooth_ble2.sdk\temp_xsdb_launch_script.tcl
15:29:54 INFO  : XSCT server has started successfully.
15:29:54 INFO  : Successfully done setting XSCT server connection channel  
15:29:55 INFO  : Successfully done setting SDK workspace  
15:29:55 INFO  : Processing command line option -hwspec C:/Users/behaje/bluetooth_ble2/bluetooth_ble2.sdk/design_1_wrapper.hdf.
15:29:55 INFO  : Checking for hwspec changes in the project design_1_wrapper_hw_platform_0.
15:30:19 INFO  : Connected to target on host '127.0.0.1' and port '3121'.
15:30:20 INFO  : 'targets -set -filter {jtag_cable_name =~ "Digilent Zybo Z7 210351B4835FA" && level==0} -index 1' command is executed.
15:30:22 INFO  : FPGA configured successfully with bitstream "C:/Users/behaje/bluetooth_ble2/bluetooth_ble2.sdk/design_1_wrapper_hw_platform_0/design_1_wrapper.bit"
15:30:32 INFO  : 'targets -set -filter {jtag_cable_name =~ "Digilent Zybo Z7 210351B4835FA" && level==0} -index 1' command is executed.
15:30:32 INFO  : 'fpga -state' command is executed.
15:30:32 INFO  : Connected to target on host '127.0.0.1' and port '3121'.
15:30:32 INFO  : Jtag cable 'Digilent Zybo Z7 210351B4835FA' is selected.
15:30:32 INFO  : 'jtag frequency' command is executed.
15:30:32 INFO  : Sourcing of 'C:/Users/behaje/bluetooth_ble2/bluetooth_ble2.sdk/design_1_wrapper_hw_platform_0/ps7_init.tcl' is done.
15:30:32 INFO  : Context for 'APU' is selected.
15:30:32 INFO  : Hardware design information is loaded from 'C:/Users/behaje/bluetooth_ble2/bluetooth_ble2.sdk/design_1_wrapper_hw_platform_0/system.hdf'.
15:30:32 INFO  : 'configparams force-mem-access 1' command is executed.
15:30:32 INFO  : Context for 'APU' is selected.
15:30:32 INFO  : 'stop' command is executed.
15:30:32 INFO  : 'ps7_init' command is executed.
15:30:32 INFO  : 'ps7_post_config' command is executed.
15:30:32 INFO  : Context for processor 'ps7_cortexa9_0' is selected.
15:30:32 INFO  : Processor reset is completed for 'ps7_cortexa9_0'.
15:30:32 INFO  : Context for processor 'ps7_cortexa9_0' is selected.
15:30:33 INFO  : The application 'C:/Users/behaje/bluetooth_ble2/bluetooth_ble2.sdk/pmod_ble/Debug/pmod_ble.elf' is downloaded to processor 'ps7_cortexa9_0'.
15:30:33 INFO  : 'configparams force-mem-access 0' command is executed.
15:30:33 INFO  : ----------------XSDB Script----------------
connect -url tcp:127.0.0.1:3121
source C:/Users/behaje/bluetooth_ble2/bluetooth_ble2.sdk/design_1_wrapper_hw_platform_0/ps7_init.tcl
targets -set -nocase -filter {name =~"APU*" && jtag_cable_name =~ "Digilent Zybo Z7 210351B4835FA"} -index 0
loadhw -hw C:/Users/behaje/bluetooth_ble2/bluetooth_ble2.sdk/design_1_wrapper_hw_platform_0/system.hdf -mem-ranges [list {0x40000000 0xbfffffff}]
configparams force-mem-access 1
targets -set -nocase -filter {name =~"APU*" && jtag_cable_name =~ "Digilent Zybo Z7 210351B4835FA"} -index 0
stop
ps7_init
ps7_post_config
targets -set -nocase -filter {name =~ "ARM*#0" && jtag_cable_name =~ "Digilent Zybo Z7 210351B4835FA"} -index 0
rst -processor
targets -set -nocase -filter {name =~ "ARM*#0" && jtag_cable_name =~ "Digilent Zybo Z7 210351B4835FA"} -index 0
dow C:/Users/behaje/bluetooth_ble2/bluetooth_ble2.sdk/pmod_ble/Debug/pmod_ble.elf
configparams force-mem-access 0
----------------End of Script----------------

15:30:33 INFO  : Memory regions updated for context APU
15:30:33 INFO  : Context for processor 'ps7_cortexa9_0' is selected.
15:30:33 INFO  : 'con' command is executed.
15:30:33 INFO  : ----------------XSDB Script (After Launch)----------------
targets -set -nocase -filter {name =~ "ARM*#0" && jtag_cable_name =~ "Digilent Zybo Z7 210351B4835FA"} -index 0
con
----------------End of Script----------------

15:30:33 INFO  : Launch script is exported to file 'C:\Users\behaje\bluetooth_ble2\bluetooth_ble2.sdk\.sdk\launch_scripts\xilinx_c-c++_application_(system_debugger)\system_debugger_using_debug_pmod_ble.elf_on_local.tcl'
15:30:55 INFO  : Disconnected from the channel tcfchan#1.
15:31:44 INFO  : Attempting to launch Hardware server...
15:31:45 INFO  : Hardware server is launched successfully.
15:32:36 INFO  : Connected to target on host '127.0.0.1' and port '3121'.
15:32:37 INFO  : 'targets -set -filter {jtag_cable_name =~ "Digilent Zybo Z7 210351B4835FA" && level==0} -index 1' command is executed.
15:32:39 INFO  : FPGA configured successfully with bitstream "C:/Users/behaje/bluetooth_ble2/bluetooth_ble2.sdk/design_1_wrapper_hw_platform_0/design_1_wrapper.bit"
15:33:41 INFO  : 'targets -set -filter {jtag_cable_name =~ "Digilent Zybo Z7 210351B4835FA" && level==0} -index 1' command is executed.
15:33:41 INFO  : 'fpga -state' command is executed.
15:33:43 INFO  : Memory regions updated for context APU
15:33:45 INFO  : Connected to target on host '127.0.0.1' and port '3121'.
15:33:45 INFO  : 'targets -set -filter {jtag_cable_name =~ "Digilent Zybo Z7 210351B4835FA" && level==0} -index 1' command is executed.
15:33:48 INFO  : FPGA configured successfully with bitstream "C:/Users/behaje/bluetooth_ble2/bluetooth_ble2.sdk/design_1_wrapper_hw_platform_0/design_1_wrapper.bit"
15:33:53 INFO  : 'targets -set -filter {jtag_cable_name =~ "Digilent Zybo Z7 210351B4835FA" && level==0} -index 1' command is executed.
15:33:53 INFO  : 'fpga -state' command is executed.
15:33:53 INFO  : Connected to target on host '127.0.0.1' and port '3121'.
15:33:53 INFO  : Jtag cable 'Digilent Zybo Z7 210351B4835FA' is selected.
15:33:53 INFO  : 'jtag frequency' command is executed.
15:33:53 INFO  : Sourcing of 'C:/Users/behaje/bluetooth_ble2/bluetooth_ble2.sdk/design_1_wrapper_hw_platform_0/ps7_init.tcl' is done.
15:33:53 INFO  : Context for 'APU' is selected.
15:33:53 INFO  : Hardware design information is loaded from 'C:/Users/behaje/bluetooth_ble2/bluetooth_ble2.sdk/design_1_wrapper_hw_platform_0/system.hdf'.
15:33:53 INFO  : 'configparams force-mem-access 1' command is executed.
15:33:53 INFO  : Context for 'APU' is selected.
15:33:53 INFO  : 'stop' command is executed.
15:33:54 INFO  : 'ps7_init' command is executed.
15:33:54 INFO  : 'ps7_post_config' command is executed.
15:33:54 INFO  : Context for processor 'ps7_cortexa9_0' is selected.
15:33:54 INFO  : Processor reset is completed for 'ps7_cortexa9_0'.
15:33:54 INFO  : Context for processor 'ps7_cortexa9_0' is selected.
15:33:54 INFO  : The application 'C:/Users/behaje/bluetooth_ble2/bluetooth_ble2.sdk/pmod_ble/Debug/pmod_ble.elf' is downloaded to processor 'ps7_cortexa9_0'.
15:33:54 INFO  : 'configparams force-mem-access 0' command is executed.
15:33:54 INFO  : ----------------XSDB Script----------------
connect -url tcp:127.0.0.1:3121
source C:/Users/behaje/bluetooth_ble2/bluetooth_ble2.sdk/design_1_wrapper_hw_platform_0/ps7_init.tcl
targets -set -nocase -filter {name =~"APU*" && jtag_cable_name =~ "Digilent Zybo Z7 210351B4835FA"} -index 0
loadhw -hw C:/Users/behaje/bluetooth_ble2/bluetooth_ble2.sdk/design_1_wrapper_hw_platform_0/system.hdf -mem-ranges [list {0x40000000 0xbfffffff}]
configparams force-mem-access 1
targets -set -nocase -filter {name =~"APU*" && jtag_cable_name =~ "Digilent Zybo Z7 210351B4835FA"} -index 0
stop
ps7_init
ps7_post_config
targets -set -nocase -filter {name =~ "ARM*#0" && jtag_cable_name =~ "Digilent Zybo Z7 210351B4835FA"} -index 0
rst -processor
targets -set -nocase -filter {name =~ "ARM*#0" && jtag_cable_name =~ "Digilent Zybo Z7 210351B4835FA"} -index 0
dow C:/Users/behaje/bluetooth_ble2/bluetooth_ble2.sdk/pmod_ble/Debug/pmod_ble.elf
configparams force-mem-access 0
----------------End of Script----------------

15:33:54 INFO  : Memory regions updated for context APU
15:33:54 INFO  : Context for processor 'ps7_cortexa9_0' is selected.
15:33:54 INFO  : 'con' command is executed.
15:33:54 INFO  : ----------------XSDB Script (After Launch)----------------
targets -set -nocase -filter {name =~ "ARM*#0" && jtag_cable_name =~ "Digilent Zybo Z7 210351B4835FA"} -index 0
con
----------------End of Script----------------

15:33:54 INFO  : Launch script is exported to file 'C:\Users\behaje\bluetooth_ble2\bluetooth_ble2.sdk\.sdk\launch_scripts\xilinx_c-c++_application_(system_debugger)\system_debugger_using_debug_pmod_ble.elf_on_local.tcl'
15:34:26 INFO  : Disconnected from the channel tcfchan#2.
15:34:27 INFO  : 'targets -set -filter {jtag_cable_name =~ "Digilent Zybo Z7 210351B4835FA" && level==0} -index 1' command is executed.
15:34:27 INFO  : 'fpga -state' command is executed.
15:34:27 INFO  : Connected to target on host '127.0.0.1' and port '3121'.
15:34:27 INFO  : Jtag cable 'Digilent Zybo Z7 210351B4835FA' is selected.
15:34:27 INFO  : 'jtag frequency' command is executed.
15:34:27 INFO  : Sourcing of 'C:/Users/behaje/bluetooth_ble2/bluetooth_ble2.sdk/design_1_wrapper_hw_platform_0/ps7_init.tcl' is done.
15:34:27 INFO  : Context for 'APU' is selected.
15:34:29 INFO  : Hardware design information is loaded from 'C:/Users/behaje/bluetooth_ble2/bluetooth_ble2.sdk/design_1_wrapper_hw_platform_0/system.hdf'.
15:34:29 INFO  : 'configparams force-mem-access 1' command is executed.
15:34:29 INFO  : Context for 'APU' is selected.
15:34:29 INFO  : 'stop' command is executed.
15:34:29 INFO  : 'ps7_init' command is executed.
15:34:29 INFO  : 'ps7_post_config' command is executed.
15:34:29 INFO  : Context for processor 'ps7_cortexa9_0' is selected.
15:34:29 INFO  : Processor reset is completed for 'ps7_cortexa9_0'.
15:34:29 INFO  : Context for processor 'ps7_cortexa9_0' is selected.
15:34:30 INFO  : The application 'C:/Users/behaje/bluetooth_ble2/bluetooth_ble2.sdk/pmod_ble/Debug/pmod_ble.elf' is downloaded to processor 'ps7_cortexa9_0'.
15:34:30 INFO  : 'configparams force-mem-access 0' command is executed.
15:34:30 INFO  : ----------------XSDB Script----------------
connect -url tcp:127.0.0.1:3121
source C:/Users/behaje/bluetooth_ble2/bluetooth_ble2.sdk/design_1_wrapper_hw_platform_0/ps7_init.tcl
targets -set -nocase -filter {name =~"APU*" && jtag_cable_name =~ "Digilent Zybo Z7 210351B4835FA"} -index 0
loadhw -hw C:/Users/behaje/bluetooth_ble2/bluetooth_ble2.sdk/design_1_wrapper_hw_platform_0/system.hdf -mem-ranges [list {0x40000000 0xbfffffff}]
configparams force-mem-access 1
targets -set -nocase -filter {name =~"APU*" && jtag_cable_name =~ "Digilent Zybo Z7 210351B4835FA"} -index 0
stop
ps7_init
ps7_post_config
targets -set -nocase -filter {name =~ "ARM*#0" && jtag_cable_name =~ "Digilent Zybo Z7 210351B4835FA"} -index 0
rst -processor
targets -set -nocase -filter {name =~ "ARM*#0" && jtag_cable_name =~ "Digilent Zybo Z7 210351B4835FA"} -index 0
dow C:/Users/behaje/bluetooth_ble2/bluetooth_ble2.sdk/pmod_ble/Debug/pmod_ble.elf
configparams force-mem-access 0
----------------End of Script----------------

15:34:30 INFO  : Memory regions updated for context APU
15:34:30 INFO  : Context for processor 'ps7_cortexa9_0' is selected.
15:34:30 INFO  : 'con' command is executed.
15:34:30 INFO  : ----------------XSDB Script (After Launch)----------------
targets -set -nocase -filter {name =~ "ARM*#0" && jtag_cable_name =~ "Digilent Zybo Z7 210351B4835FA"} -index 0
con
----------------End of Script----------------

15:34:30 INFO  : Launch script is exported to file 'C:\Users\behaje\bluetooth_ble2\bluetooth_ble2.sdk\.sdk\launch_scripts\xilinx_c-c++_application_(system_debugger)\system_debugger_using_debug_pmod_ble.elf_on_local.tcl'
15:58:26 INFO  : Disconnected from the channel tcfchan#3.
12:37:45 INFO  : Registering command handlers for SDK TCF services
12:37:46 INFO  : Launching XSCT server: xsct.bat -interactive C:\Users\behaje\bluetooth_ble2\bluetooth_ble2.sdk\temp_xsdb_launch_script.tcl
12:37:48 INFO  : XSCT server has started successfully.
12:37:48 INFO  : Successfully done setting XSCT server connection channel  
12:37:48 INFO  : Successfully done setting SDK workspace  
12:37:48 INFO  : Processing command line option -hwspec C:/Users/behaje/bluetooth_ble2/bluetooth_ble2.sdk/design_1_wrapper.hdf.
12:37:48 INFO  : Checking for hwspec changes in the project design_1_wrapper_hw_platform_0.
12:37:56 INFO  : Connected to target on host '127.0.0.1' and port '3121'.
12:37:56 INFO  : 'targets -set -filter {jtag_cable_name =~ "Digilent Zybo Z7 210351B4835FA" && level==0} -index 1' command is executed.
12:37:58 INFO  : FPGA configured successfully with bitstream "C:/Users/behaje/bluetooth_ble2/bluetooth_ble2.sdk/design_1_wrapper_hw_platform_0/design_1_wrapper.bit"
12:38:11 INFO  : 'targets -set -filter {jtag_cable_name =~ "Digilent Zybo Z7 210351B4835FA" && level==0} -index 1' command is executed.
12:38:11 INFO  : 'fpga -state' command is executed.
12:38:11 INFO  : Connected to target on host '127.0.0.1' and port '3121'.
12:38:11 INFO  : Jtag cable 'Digilent Zybo Z7 210351B4835FA' is selected.
12:38:11 INFO  : 'jtag frequency' command is executed.
12:38:11 INFO  : Sourcing of 'C:/Users/behaje/bluetooth_ble2/bluetooth_ble2.sdk/design_1_wrapper_hw_platform_0/ps7_init.tcl' is done.
12:38:11 INFO  : Context for 'APU' is selected.
12:38:11 INFO  : Hardware design information is loaded from 'C:/Users/behaje/bluetooth_ble2/bluetooth_ble2.sdk/design_1_wrapper_hw_platform_0/system.hdf'.
12:38:11 INFO  : 'configparams force-mem-access 1' command is executed.
12:38:11 INFO  : Context for 'APU' is selected.
12:38:11 INFO  : 'stop' command is executed.
12:38:12 INFO  : 'ps7_init' command is executed.
12:38:12 INFO  : 'ps7_post_config' command is executed.
12:38:12 INFO  : Context for processor 'ps7_cortexa9_0' is selected.
12:38:12 INFO  : Processor reset is completed for 'ps7_cortexa9_0'.
12:38:12 INFO  : Context for processor 'ps7_cortexa9_0' is selected.
12:38:12 INFO  : The application 'C:/Users/behaje/bluetooth_ble2/bluetooth_ble2.sdk/pmod_ble/Debug/pmod_ble.elf' is downloaded to processor 'ps7_cortexa9_0'.
12:38:12 INFO  : 'configparams force-mem-access 0' command is executed.
12:38:12 INFO  : ----------------XSDB Script----------------
connect -url tcp:127.0.0.1:3121
source C:/Users/behaje/bluetooth_ble2/bluetooth_ble2.sdk/design_1_wrapper_hw_platform_0/ps7_init.tcl
targets -set -nocase -filter {name =~"APU*" && jtag_cable_name =~ "Digilent Zybo Z7 210351B4835FA"} -index 0
loadhw -hw C:/Users/behaje/bluetooth_ble2/bluetooth_ble2.sdk/design_1_wrapper_hw_platform_0/system.hdf -mem-ranges [list {0x40000000 0xbfffffff}]
configparams force-mem-access 1
targets -set -nocase -filter {name =~"APU*" && jtag_cable_name =~ "Digilent Zybo Z7 210351B4835FA"} -index 0
stop
ps7_init
ps7_post_config
targets -set -nocase -filter {name =~ "ARM*#0" && jtag_cable_name =~ "Digilent Zybo Z7 210351B4835FA"} -index 0
rst -processor
targets -set -nocase -filter {name =~ "ARM*#0" && jtag_cable_name =~ "Digilent Zybo Z7 210351B4835FA"} -index 0
dow C:/Users/behaje/bluetooth_ble2/bluetooth_ble2.sdk/pmod_ble/Debug/pmod_ble.elf
configparams force-mem-access 0
----------------End of Script----------------

12:38:12 INFO  : Memory regions updated for context APU
12:38:12 INFO  : Context for processor 'ps7_cortexa9_0' is selected.
12:38:12 INFO  : 'con' command is executed.
12:38:12 INFO  : ----------------XSDB Script (After Launch)----------------
targets -set -nocase -filter {name =~ "ARM*#0" && jtag_cable_name =~ "Digilent Zybo Z7 210351B4835FA"} -index 0
con
----------------End of Script----------------

12:38:12 INFO  : Launch script is exported to file 'C:\Users\behaje\bluetooth_ble2\bluetooth_ble2.sdk\.sdk\launch_scripts\xilinx_c-c++_application_(system_debugger)\system_debugger_using_debug_pmod_ble.elf_on_local.tcl'
14:36:20 INFO  : Disconnected from the channel tcfchan#1.
15:31:58 INFO  : Registering command handlers for SDK TCF services
15:31:58 INFO  : Launching XSCT server: xsct.bat -interactive C:\Users\behaje\bluetooth_ble2\bluetooth_ble2.sdk\temp_xsdb_launch_script.tcl
15:32:00 INFO  : XSCT server has started successfully.
15:32:01 INFO  : Successfully done setting XSCT server connection channel  
15:32:01 INFO  : Successfully done setting SDK workspace  
15:32:01 INFO  : Processing command line option -hwspec C:/Users/behaje/bluetooth_ble2/bluetooth_ble2.sdk/design_1_wrapper.hdf.
15:32:01 INFO  : Checking for hwspec changes in the project design_1_wrapper_hw_platform_0.
15:32:17 INFO  : 'targets -set -filter {jtag_cable_name =~ "Digilent Zybo Z7 210351B4835FA" && level==0} -index 1' command is executed.
15:32:17 INFO  : 'fpga -state' command is executed.
15:32:17 INFO  : Connected to target on host '127.0.0.1' and port '3121'.
15:32:17 INFO  : Jtag cable 'Digilent Zybo Z7 210351B4835FA' is selected.
15:32:17 INFO  : 'jtag frequency' command is executed.
15:32:17 INFO  : Sourcing of 'C:/Users/behaje/bluetooth_ble2/bluetooth_ble2.sdk/design_1_wrapper_hw_platform_0/ps7_init.tcl' is done.
15:32:17 INFO  : Context for 'APU' is selected.
15:32:17 INFO  : Hardware design information is loaded from 'C:/Users/behaje/bluetooth_ble2/bluetooth_ble2.sdk/design_1_wrapper_hw_platform_0/system.hdf'.
15:32:17 INFO  : 'configparams force-mem-access 1' command is executed.
15:32:17 INFO  : Context for 'APU' is selected.
15:32:17 INFO  : 'stop' command is executed.
15:32:17 INFO  : 'ps7_init' command is executed.
15:32:17 INFO  : 'ps7_post_config' command is executed.
15:32:17 INFO  : Context for processor 'ps7_cortexa9_0' is selected.
15:32:17 INFO  : Processor reset is completed for 'ps7_cortexa9_0'.
15:32:17 INFO  : Context for processor 'ps7_cortexa9_0' is selected.
15:32:17 INFO  : The application 'C:/Users/behaje/bluetooth_ble2/bluetooth_ble2.sdk/pmod_ble/Debug/pmod_ble.elf' is downloaded to processor 'ps7_cortexa9_0'.
15:32:17 INFO  : 'configparams force-mem-access 0' command is executed.
15:32:17 INFO  : ----------------XSDB Script----------------
connect -url tcp:127.0.0.1:3121
source C:/Users/behaje/bluetooth_ble2/bluetooth_ble2.sdk/design_1_wrapper_hw_platform_0/ps7_init.tcl
targets -set -nocase -filter {name =~"APU*" && jtag_cable_name =~ "Digilent Zybo Z7 210351B4835FA"} -index 0
loadhw -hw C:/Users/behaje/bluetooth_ble2/bluetooth_ble2.sdk/design_1_wrapper_hw_platform_0/system.hdf -mem-ranges [list {0x40000000 0xbfffffff}]
configparams force-mem-access 1
targets -set -nocase -filter {name =~"APU*" && jtag_cable_name =~ "Digilent Zybo Z7 210351B4835FA"} -index 0
stop
ps7_init
ps7_post_config
targets -set -nocase -filter {name =~ "ARM*#0" && jtag_cable_name =~ "Digilent Zybo Z7 210351B4835FA"} -index 0
rst -processor
targets -set -nocase -filter {name =~ "ARM*#0" && jtag_cable_name =~ "Digilent Zybo Z7 210351B4835FA"} -index 0
dow C:/Users/behaje/bluetooth_ble2/bluetooth_ble2.sdk/pmod_ble/Debug/pmod_ble.elf
configparams force-mem-access 0
----------------End of Script----------------

15:32:17 INFO  : Memory regions updated for context APU
15:32:18 INFO  : Context for processor 'ps7_cortexa9_0' is selected.
15:32:18 INFO  : 'con' command is executed.
15:32:18 INFO  : ----------------XSDB Script (After Launch)----------------
targets -set -nocase -filter {name =~ "ARM*#0" && jtag_cable_name =~ "Digilent Zybo Z7 210351B4835FA"} -index 0
con
----------------End of Script----------------

15:32:18 INFO  : Launch script is exported to file 'C:\Users\behaje\bluetooth_ble2\bluetooth_ble2.sdk\.sdk\launch_scripts\xilinx_c-c++_application_(system_debugger)\system_debugger_using_debug_pmod_ble.elf_on_local.tcl'
15:36:45 INFO  : Disconnected from the channel tcfchan#1.
15:36:59 INFO  : Registering command handlers for SDK TCF services
15:36:59 INFO  : Launching XSCT server: xsct.bat -interactive C:\Users\behaje\bluetooth_ble2\bluetooth_ble2.sdk\temp_xsdb_launch_script.tcl
15:37:01 INFO  : XSCT server has started successfully.
15:37:02 INFO  : Successfully done setting XSCT server connection channel  
15:37:02 INFO  : Successfully done setting SDK workspace  
15:37:02 INFO  : Processing command line option -hwspec C:/Users/behaje/bluetooth_ble2/bluetooth_ble2.sdk/design_1_wrapper.hdf.
15:37:02 INFO  : Checking for hwspec changes in the project design_1_wrapper_hw_platform_0.
15:03:21 INFO  : Registering command handlers for SDK TCF services
15:03:22 INFO  : Launching XSCT server: xsct.bat -interactive C:\Users\behaje\bluetooth_ble2\bluetooth_ble2.sdk\temp_xsdb_launch_script.tcl
15:03:24 INFO  : XSCT server has started successfully.
15:03:24 INFO  : Successfully done setting XSCT server connection channel  
15:03:24 INFO  : Successfully done setting SDK workspace  
15:03:24 INFO  : Processing command line option -hwspec C:/Users/behaje/bluetooth_ble2/bluetooth_ble2.sdk/design_1_wrapper.hdf.
15:03:24 INFO  : Checking for hwspec changes in the project design_1_wrapper_hw_platform_0.
